<?xml version="1.0" encoding="UTF-8"?>
<testsuite xmlns:xsi="http://www.w3.org/2001/XMLSchema-instance" xsi:noNamespaceSchemaLocation="https://maven.apache.org/surefire/maven-surefire-plugin/xsd/surefire-test-report.xsd" name="com.mycompany.progpoe.TaskTest" time="56.259" tests="1" errors="0" skipped="0" failures="1">
  <properties>
[...]
</properties>
  <testcase name="testAddTaskDetails" classname="com.mycompany.progpoe.TaskTest" time="56.236">
    <failure message="The test case is a prototype." type="org.opentest4j.AssertionFailedError">org.opentest4j.AssertionFailedError: The test case is a prototype.
	at com.mycompany.progpoe.TaskTest.testAddTaskDetails(TaskTest.java:29)
</failure>
    <system-out><![CDATA[addTaskDetails
]]></system-out>
  </testcase>
</testsuite>